Build started 24/09/2013 08:14:57.
     1>Project "C:\Users\Bryan\Documents\Courses\Game Engines\AsteroidsClasses\AsteroidsClasses\AsteroidsClasses.vcxproj" on node 2 (build target(s)).
     1>InitializeBuildStatus:
         Creating "Debug\AsteroidsClasses.unsuccessfulbuild" because "AlwaysCreate" was specified.
       ClCompile:
         c:\Program Files (x86)\Microsoft Visual Studio 10.0\VC\bin\CL.exe /c /ZI /nologo /W3 /WX- /Od /Oy- /D _MBCS /Gm /EHsc /RTC1 /MDd /GS /fp:precise /Zc:wchar_t /Zc:forScope /Fo"Debug\\" /Fd"Debug\vc100.pdb" /Gd /TP /analyze- /errorReport:prompt GameComponent.cpp
         GameComponent.cpp
       Link:
         c:\Program Files (x86)\Microsoft Visual Studio 10.0\VC\bin\link.exe /ERRORREPORT:PROMPT /OUT:"C:\Users\Bryan\Documents\Courses\Game Engines\AsteroidsClasses\Debug\AsteroidsClasses.exe" /NOLOGO SDL2main.lib kernel32.lib user32.lib gdi32.lib winspool.lib comdlg32.lib advapi32.lib shell32.lib ole32.lib oleaut32.lib uuid.lib odbc32.lib odbccp32.lib SDL2.lib /MANIFEST /ManifestFile:"Debug\AsteroidsClasses.exe.intermediate.manifest" /MANIFESTUAC:"level='asInvoker' uiAccess='false'" /DEBUG /PDB:"C:\Users\Bryan\Documents\Courses\Game Engines\AsteroidsClasses\Debug\AsteroidsClasses.pdb" /SUBSYSTEM:CONSOLE /TLBID:1 /DYNAMICBASE /NXCOMPAT /IMPLIB:"C:\Users\Bryan\Documents\Courses\Game Engines\AsteroidsClasses\Debug\AsteroidsClasses.lib" /MACHINE:X86 Debug\Game.obj
         Debug\GameComponent.obj
         Debug\main.obj
         Debug\Player.obj
         LINK : C:\Users\Bryan\Documents\Courses\Game Engines\AsteroidsClasses\Debug\AsteroidsClasses.exe not found or not built by the last incremental link; performing full link
     1>MSVCRTD.lib(cinitexe.obj) : warning LNK4098: defaultlib 'msvcrt.lib' conflicts with use of other libs; use /NODEFAULTLIB:library
         AsteroidsClasses.vcxproj -> C:\Users\Bryan\Documents\Courses\Game Engines\AsteroidsClasses\Debug\AsteroidsClasses.exe
       Manifest:
         C:\Program Files (x86)\Microsoft SDKs\Windows\v7.0A\bin\mt.exe /nologo /verbose /outputresource:"C:\Users\Bryan\Documents\Courses\Game Engines\AsteroidsClasses\Debug\AsteroidsClasses.exe;#1" /manifest Debug\AsteroidsClasses.exe.intermediate.manifest
       FinalizeBuildStatus:
         Deleting file "Debug\AsteroidsClasses.unsuccessfulbuild".
         Touching "Debug\AsteroidsClasses.lastbuildstate".
     1>Done Building Project "C:\Users\Bryan\Documents\Courses\Game Engines\AsteroidsClasses\AsteroidsClasses\AsteroidsClasses.vcxproj" (build target(s)).

Build succeeded.

Time Elapsed 00:00:01.14
